<?xml version="1.0" encoding="UTF-8"?>
<testng-results skipped="0" failed="0" total="1" passed="1">
  <reporter-output>
  </reporter-output>
  <suite name="Default suite" duration-ms="16" started-at="2014-08-05T14:32:28Z" finished-at="2014-08-05T14:32:28Z">
    <groups>
    </groups>
    <test name="Default test" duration-ms="16" started-at="2014-08-05T14:32:28Z" finished-at="2014-08-05T14:32:28Z">
      <class name="Atmecs.UsingJenkins.TestClass">
        <test-method status="PASS" signature="draw()[pri:0, instance:Atmecs.UsingJenkins.TestClass@504be958]" name="draw" duration-ms="8" started-at="2014-08-05T20:02:28Z" finished-at="2014-08-05T20:02:28Z">
          <reporter-output>
          </reporter-output>
        </test-method> <!-- draw -->
      </class> <!-- Atmecs.UsingJenkins.TestClass -->
    </test> <!-- Default test -->
  </suite> <!-- Default suite -->
</testng-results>
